17:02:51.511 [main] INFO  automation.HomePageTest - Outdoor page is displayed
17:02:54.718 [main] INFO  automation.HomePageTest - Switch page is displayed
17:02:57.606 [main] INFO  automation.HomePageTest - Home Entertainment page is displayed
17:03:00.908 [main] INFO  automation.HomePageTest - Gaming page is displayed
17:03:03.775 [main] INFO  automation.HomePageTest - TV Lighting page is displayed
17:03:06.287 [main] INFO  automation.HomePageTest - Shop page is displayed
17:10:17.631 [main] INFO  automation.HomePageTest - General Lighting page is displayed
17:10:20.513 [main] INFO  automation.HomePageTest - Lightbulbs page is displayed
17:10:23.323 [main] INFO  automation.HomePageTest - Downlights page is displayed
17:10:26.483 [main] INFO  automation.HomePageTest - Outdoor page is displayed
17:10:29.707 [main] INFO  automation.HomePageTest - Switch page is displayed
17:10:32.311 [main] INFO  automation.HomePageTest - Home Entertainment page is displayed
17:10:35.163 [main] INFO  automation.HomePageTest - Gaming page is displayed
17:10:38.928 [main] INFO  automation.HomePageTest - TV Lighting page is displayed
17:10:41.527 [main] INFO  automation.HomePageTest - Shop page is displayed
17:27:58.666 [main] INFO  automation.HomePageTest - General Lighting page is displayed
17:28:01.583 [main] INFO  automation.HomePageTest - Lightbulbs page is displayed
17:28:04.918 [main] INFO  automation.HomePageTest - Downlights page is displayed
17:28:08.337 [main] INFO  automation.HomePageTest - Outdoor page is displayed
17:28:11.513 [main] INFO  automation.HomePageTest - Switch page is displayed
17:28:14.735 [main] INFO  automation.HomePageTest - Home Entertainment page is displayed
17:28:18.017 [main] INFO  automation.HomePageTest - Gaming page is displayed
17:28:21.155 [main] INFO  automation.HomePageTest - TV Lighting page is displayed
17:28:24.361 [main] INFO  automation.HomePageTest - Shop page is displayed
17:38:17.661 [main] INFO  automation.HomePageTest - General Lighting page is displayed
17:38:20.598 [main] INFO  automation.HomePageTest - Lightbulbs page is displayed
17:38:23.511 [main] INFO  automation.HomePageTest - Downlights page is displayed
17:38:26.632 [main] INFO  automation.HomePageTest - Outdoor page is displayed
17:38:29.742 [main] INFO  automation.HomePageTest - Switch page is displayed
17:38:32.447 [main] INFO  automation.HomePageTest - Home Entertainment page is displayed
17:38:35.288 [main] INFO  automation.HomePageTest - Gaming page is displayed
17:38:38.168 [main] INFO  automation.HomePageTest - TV Lighting page is displayed
17:38:40.791 [main] INFO  automation.HomePageTest - Shop page is displayed
